<?xml version="1.0" encoding="UTF-8"?>
<!-- Generated by org.testng.reporters.JUnitReportReporter -->
<testsuite skipped="0" hostname="windows7-PC" name="quotes.TC_01Test" tests="1" failures="0" timestamp="04 Jul 2021 17:03:12 GMT" time="28.794" errors="0">
  <testcase name="TC_01QuotesTest" time="28.794" classname="quotes.TC_01Test"/>
</testsuite> <!-- quotes.TC_01Test -->
