<?xml version="1.0" encoding="UTF-8"?>
<!-- Generated by org.testng.reporters.JUnitReportReporter -->
<testsuite skipped="0" hostname="windows7-PC" name="quotes.TC_02Test" tests="1" failures="0" timestamp="04 Jul 2021 17:03:12 GMT" time="54.799" errors="0">
  <testcase name="TC_01QuotesTest" time="54.799" classname="quotes.TC_02Test"/>
</testsuite> <!-- quotes.TC_02Test -->
