<?xml version="1.0" encoding="UTF-8"?>
<!-- Generated by org.testng.reporters.JUnitReportReporter -->
<testsuite skipped="0" hostname="windows7-PC" name="recurringInvoices.Tc_01RecuuringInvoivesTest" tests="1" failures="0" timestamp="03 Jul 2021 14:44:13 GMT" time="33.690" errors="0">
  <testcase name="TestCase01" time="33.690" classname="recurringInvoices.Tc_01RecuuringInvoivesTest"/>
</testsuite> <!-- recurringInvoices.Tc_01RecuuringInvoivesTest -->
